<?xml version="1.0" encoding="UTF-8"?>
<!-- Generated by org.testng.reporters.JUnitXMLReporter -->
<testsuite ignored="1" hostname="LAPTOP-CCAT3D80" failures="0" tests="4" name="Default test" time="0.134" errors="0" timestamp="2025-09-23T21:56:54 IST">
  <testcase classname="TestNGFramework.TestNGAnnotations" name="enabledTest" time="0.02"/>
  <testcase classname="TestNGFramework.TestNGAnnotations" name="loginTest" time="0.012"/>
  <testcase classname="TestNGFramework.TestNGAnnotations" name="logoutTest" time="0.003"/>
  <testcase classname="TestNGFramework.TestNGAnnotations" name="profileTest" time="0.003"/>
  <testcase classname="TestNGFramework.TestNGAnnotations" name="disabledTest" time="0.0">
    <ignored/>
  </testcase> <!-- disabledTest -->
</testsuite> <!-- Default test -->
