<?xml version="1.0" encoding="UTF-8"?>
<testng-results ignored="1" total="5" passed="4" failed="0" skipped="0">
  <reporter-output>
  </reporter-output>
  <suite started-at="2025-09-23T21:56:54 IST" name="Default suite" finished-at="2025-09-23T21:56:54 IST" duration-ms="134">
    <groups>
    </groups>
    <test started-at="2025-09-23T21:56:54 IST" name="Default test" finished-at="2025-09-23T21:56:54 IST" duration-ms="134">
      <class name="TestNGFramework.TestNGAnnotations">
        <test-method is-config="true" signature="beforeSuite()[pri:0, instance:TestNGFramework.TestNGAnnotations@436813f3]" started-at="2025-09-23T21:56:54 IST" name="beforeSuite" finished-at="2025-09-23T21:56:54 IST" duration-ms="40" status="PASS">
          <reporter-output>
          </reporter-output>
        </test-method> <!-- beforeSuite -->
        <test-method is-config="true" signature="beforeTest()[pri:0, instance:TestNGFramework.TestNGAnnotations@436813f3]" started-at="2025-09-23T21:56:54 IST" name="beforeTest" finished-at="2025-09-23T21:56:54 IST" duration-ms="0" status="PASS">
          <reporter-output>
          </reporter-output>
        </test-method> <!-- beforeTest -->
        <test-method is-config="true" signature="beforeClass()[pri:0, instance:TestNGFramework.TestNGAnnotations@436813f3]" started-at="2025-09-23T21:56:54 IST" name="beforeClass" finished-at="2025-09-23T21:56:54 IST" duration-ms="0" status="PASS">
          <reporter-output>
          </reporter-output>
        </test-method> <!-- beforeClass -->
        <test-method is-config="true" signature="beforeMethod()[pri:0, instance:TestNGFramework.TestNGAnnotations@436813f3]" started-at="2025-09-23T21:56:54 IST" name="beforeMethod" finished-at="2025-09-23T21:56:54 IST" duration-ms="1" status="PASS">
          <reporter-output>
          </reporter-output>
        </test-method> <!-- beforeMethod -->
        <test-method signature="enabledTest()[pri:0, instance:TestNGFramework.TestNGAnnotations@436813f3]" started-at="2025-09-23T21:56:54 IST" name="enabledTest" finished-at="2025-09-23T21:56:54 IST" duration-ms="20" status="PASS">
          <reporter-output>
          </reporter-output>
        </test-method> <!-- enabledTest -->
        <test-method is-config="true" signature="afterMethod()[pri:0, instance:TestNGFramework.TestNGAnnotations@436813f3]" started-at="2025-09-23T21:56:54 IST" name="afterMethod" finished-at="2025-09-23T21:56:54 IST" duration-ms="1" status="PASS">
          <reporter-output>
          </reporter-output>
        </test-method> <!-- afterMethod -->
        <test-method is-config="true" signature="beforeMethod()[pri:0, instance:TestNGFramework.TestNGAnnotations@436813f3]" started-at="2025-09-23T21:56:54 IST" name="beforeMethod" finished-at="2025-09-23T21:56:54 IST" duration-ms="1" status="PASS">
          <reporter-output>
          </reporter-output>
        </test-method> <!-- beforeMethod -->
        <test-method signature="loginTest()[pri:1, instance:TestNGFramework.TestNGAnnotations@436813f3]" started-at="2025-09-23T21:56:54 IST" name="loginTest" finished-at="2025-09-23T21:56:54 IST" duration-ms="12" status="PASS">
          <reporter-output>
          </reporter-output>
        </test-method> <!-- loginTest -->
        <test-method is-config="true" signature="afterMethod()[pri:0, instance:TestNGFramework.TestNGAnnotations@436813f3]" started-at="2025-09-23T21:56:54 IST" name="afterMethod" finished-at="2025-09-23T21:56:54 IST" duration-ms="1" status="PASS">
          <reporter-output>
          </reporter-output>
        </test-method> <!-- afterMethod -->
        <test-method is-config="true" signature="beforeMethod()[pri:0, instance:TestNGFramework.TestNGAnnotations@436813f3]" started-at="2025-09-23T21:56:54 IST" name="beforeMethod" finished-at="2025-09-23T21:56:54 IST" duration-ms="0" status="PASS">
          <reporter-output>
          </reporter-output>
        </test-method> <!-- beforeMethod -->
        <test-method signature="logoutTest()[pri:2, instance:TestNGFramework.TestNGAnnotations@436813f3]" started-at="2025-09-23T21:56:54 IST" name="logoutTest" finished-at="2025-09-23T21:56:54 IST" duration-ms="3" status="PASS">
          <reporter-output>
          </reporter-output>
        </test-method> <!-- logoutTest -->
        <test-method is-config="true" signature="afterMethod()[pri:0, instance:TestNGFramework.TestNGAnnotations@436813f3]" started-at="2025-09-23T21:56:54 IST" name="afterMethod" finished-at="2025-09-23T21:56:54 IST" duration-ms="2" status="PASS">
          <reporter-output>
          </reporter-output>
        </test-method> <!-- afterMethod -->
        <test-method is-config="true" signature="beforeMethod()[pri:0, instance:TestNGFramework.TestNGAnnotations@436813f3]" started-at="2025-09-23T21:56:54 IST" name="beforeMethod" finished-at="2025-09-23T21:56:54 IST" duration-ms="1" status="PASS">
          <reporter-output>
          </reporter-output>
        </test-method> <!-- beforeMethod -->
        <test-method signature="profileTest()[pri:3, instance:TestNGFramework.TestNGAnnotations@436813f3]" started-at="2025-09-23T21:56:54 IST" name="profileTest" finished-at="2025-09-23T21:56:54 IST" depends-on-methods="TestNGFramework.TestNGAnnotations.loginTest" duration-ms="3" status="PASS">
          <reporter-output>
          </reporter-output>
        </test-method> <!-- profileTest -->
        <test-method is-config="true" signature="afterMethod()[pri:0, instance:TestNGFramework.TestNGAnnotations@436813f3]" started-at="2025-09-23T21:56:54 IST" name="afterMethod" finished-at="2025-09-23T21:56:54 IST" duration-ms="0" status="PASS">
          <reporter-output>
          </reporter-output>
        </test-method> <!-- afterMethod -->
        <test-method is-config="true" signature="afterClass()[pri:0, instance:TestNGFramework.TestNGAnnotations@436813f3]" started-at="2025-09-23T21:56:54 IST" name="afterClass" finished-at="2025-09-23T21:56:54 IST" duration-ms="1" status="PASS">
          <reporter-output>
          </reporter-output>
        </test-method> <!-- afterClass -->
        <test-method is-config="true" signature="afterTest()[pri:0, instance:TestNGFramework.TestNGAnnotations@436813f3]" started-at="2025-09-23T21:56:54 IST" name="afterTest" finished-at="2025-09-23T21:56:54 IST" duration-ms="0" status="PASS">
          <reporter-output>
          </reporter-output>
        </test-method> <!-- afterTest -->
        <test-method is-config="true" signature="afterSuite()[pri:0, instance:TestNGFramework.TestNGAnnotations@436813f3]" started-at="2025-09-23T21:56:54 IST" name="afterSuite" finished-at="2025-09-23T21:56:54 IST" duration-ms="1" status="PASS">
          <reporter-output>
          </reporter-output>
        </test-method> <!-- afterSuite -->
      </class> <!-- TestNGFramework.TestNGAnnotations -->
    </test> <!-- Default test -->
  </suite> <!-- Default suite -->
</testng-results>
