<?xml version="1.0" encoding="UTF-8"?>
<!-- Generated by org.testng.reporters.JUnitReportReporter -->
<testsuite hostname="LAPTOP-CCAT3D80" failures="0" tests="5" name="TestNGFramework.TestNGAnnotations" time="0.045" errors="0" timestamp="2025-09-23T21:56:54 IST" skipped="1">
  <testcase classname="TestNGFramework.TestNGAnnotations" name="enabledTest" time="0.022"/>
  <testcase classname="TestNGFramework.TestNGAnnotations" name="loginTest" time="0.014"/>
  <testcase classname="TestNGFramework.TestNGAnnotations" name="logoutTest" time="0.006"/>
  <testcase classname="TestNGFramework.TestNGAnnotations" name="profileTest" time="0.003"/>
  <testcase classname="TestNGFramework.TestNGAnnotations" name="disabledTest">
    <skipped/>
  </testcase> <!-- disabledTest -->
</testsuite> <!-- TestNGFramework.TestNGAnnotations -->
